<?xml version="1.0" encoding="UTF-8"?>
<!-- Generated by org.testng.reporters.JUnitXMLReporter -->
<testsuite ignored="0" hostname="QSINBNB342" failures="1" tests="3" name="ErrorValidation" time="20.464" errors="0" timestamp="2023-05-23T15:31:26 IST">
  <testcase classname="Code.ErrorValidation" name="LoginErrorValidation" time="1.134">
    <skipped/>
  </testcase> <!-- LoginErrorValidation -->
  <testcase classname="Code.ErrorValidation" name="LoginErrorValidation" time="0.72">
    <failure type="java.lang.AssertionError" message="expected [Login Successfully] but found [Incorrect email or password.]">
      <![CDATA[java.lang.AssertionError: expected [Login Successfully] but found [Incorrect email or password.]
at Code.ErrorValidation.LoginErrorValidation(ErrorValidation.java:21)
at java.base/java.util.ArrayList.forEach(ArrayList.java:1511)
at java.base/java.util.concurrent.FutureTask.run(FutureTask.java:264)
at java.base/java.util.concurrent.ThreadPoolExecutor.runWorker(ThreadPoolExecutor.java:1136)
at java.base/java.util.concurrent.ThreadPoolExecutor$Worker.run(ThreadPoolExecutor.java:635)
at java.base/java.lang.Thread.run(Thread.java:833)
... Removed 23 stack frames]]>
    </failure>
  </testcase> <!-- LoginErrorValidation -->
  <testcase classname="Code.ErrorValidation" name="ProductErrorValidation" time="2.938"/>
</testsuite> <!-- ErrorValidation -->
