<?xml version="1.0" encoding="UTF-8"?>
<!-- Generated by org.testng.reporters.JUnitXMLReporter -->
<testsuite ignored="1" hostname="QSINBNB342" failures="0" tests="2" name="SubmitOrder" time="13.851" errors="0" timestamp="2023-05-24T13:43:09 IST">
  <testcase classname="Code.SATest2" name="submitOrder" time="3.96"/>
  <testcase classname="Code.SATest2" name="submitOrder" time="3.701"/>
  <testcase classname="Code.SATest2" name="orderHistoryTest" time="0.0">
    <ignored/>
  </testcase> <!-- orderHistoryTest -->
</testsuite> <!-- SubmitOrder -->
